2025-03-25 15:28:05 [restartedMain] INFO  c.e.demo_caser.DemoCaserApplication - Starting DemoCaserApplication using Java 17.0.10 with PID 32532 (C:\Users\jtths\Desktop\demo_caser\target\classes started by jtths in C:\Users\jtths\Desktop\demo_caser)
2025-03-25 15:28:05 [restartedMain] INFO  c.e.demo_caser.DemoCaserApplication - No active profile set, falling back to 1 default profile: "default"
2025-03-25 15:28:06 [restartedMain] INFO  o.s.d.r.c.RepositoryConfigurationDelegate - Bootstrapping Spring Data JPA repositories in DEFAULT mode.
2025-03-25 15:28:06 [restartedMain] INFO  o.s.d.r.c.RepositoryConfigurationDelegate - Finished Spring Data repository scanning in 7 ms. Found 0 JPA repository interfaces.
2025-03-25 15:28:06 [restartedMain] INFO  o.s.b.w.e.tomcat.TomcatWebServer - Tomcat initialized with port 8080 (http)
2025-03-25 15:28:06 [restartedMain] INFO  o.a.catalina.core.StandardService - Starting service [Tomcat]
2025-03-25 15:28:06 [restartedMain] INFO  o.a.catalina.core.StandardEngine - Starting Servlet engine: [Apache Tomcat/10.1.39]
2025-03-25 15:28:06 [restartedMain] INFO  o.a.c.c.C.[Tomcat].[localhost].[/] - Initializing Spring embedded WebApplicationContext
2025-03-25 15:28:06 [restartedMain] INFO  o.s.b.w.s.c.ServletWebServerApplicationContext - Root WebApplicationContext: initialization completed in 857 ms
2025-03-25 15:28:06 [restartedMain] INFO  o.h.jpa.internal.util.LogHelper - HHH000204: Processing PersistenceUnitInfo [name: default]
2025-03-25 15:28:06 [restartedMain] INFO  o.h.c.i.RegionFactoryInitiator - HHH000026: Second-level cache disabled
2025-03-25 15:28:06 [restartedMain] INFO  o.s.o.j.p.SpringPersistenceUnitInfo - No LoadTimeWeaver setup: ignoring JPA class transformer
2025-03-25 15:28:06 [restartedMain] INFO  com.zaxxer.hikari.HikariDataSource - HikariPool-2 - Starting...
2025-03-25 15:28:06 [restartedMain] INFO  com.zaxxer.hikari.pool.HikariPool - HikariPool-2 - Added connection conn10: url=jdbc:h2:file:./data/todo_db user=SA
2025-03-25 15:28:06 [restartedMain] INFO  com.zaxxer.hikari.HikariDataSource - HikariPool-2 - Start completed.
2025-03-25 15:28:06 [restartedMain] WARN  org.hibernate.orm.deprecation - HHH90000025: H2Dialect does not need to be specified explicitly using 'hibernate.dialect' (remove the property setting and it will be selected by default)
2025-03-25 15:28:06 [restartedMain] INFO  o.hibernate.orm.connections.pooling - HHH10001005: Database info:
	Database JDBC URL [Connecting through datasource 'HikariDataSource (HikariPool-2)']
	Database driver: undefined/unknown
	Database version: 2.3.232
	Autocommit mode: undefined/unknown
	Isolation level: undefined/unknown
	Minimum pool size: undefined/unknown
	Maximum pool size: undefined/unknown
2025-03-25 15:28:06 [restartedMain] INFO  o.h.e.t.j.p.i.JtaPlatformInitiator - HHH000489: No JTA platform available (set 'hibernate.transaction.jta.platform' to enable JTA platform integration)
2025-03-25 15:28:06 [restartedMain] INFO  o.s.o.j.LocalContainerEntityManagerFactoryBean - Initialized JPA EntityManagerFactory for persistence unit 'default'
2025-03-25 15:28:06 [restartedMain] WARN  o.s.b.a.o.j.JpaBaseConfiguration$JpaWebConfiguration - spring.jpa.open-in-view is enabled by default. Therefore, database queries may be performed during view rendering. Explicitly configure spring.jpa.open-in-view to disable this warning
2025-03-25 15:28:07 [restartedMain] INFO  o.s.b.a.h.H2ConsoleAutoConfiguration - H2 console available at '/h2-console'. Database available at 'jdbc:h2:file:./data/todo_db'
2025-03-25 15:28:07 [restartedMain] INFO  o.s.b.d.a.OptionalLiveReloadServer - LiveReload server is running on port 35729
2025-03-25 15:28:07 [restartedMain] INFO  o.s.b.w.e.tomcat.TomcatWebServer - Tomcat started on port 8080 (http) with context path '/'
2025-03-25 15:28:07 [restartedMain] INFO  c.e.demo_caser.DemoCaserApplication - Started DemoCaserApplication in 1.567 seconds (process running for 107.695)
2025-03-25 15:28:07 [restartedMain] INFO  o.s.b.d.a.ConditionEvaluationDeltaLoggingListener - Condition evaluation unchanged
2025-03-25 15:28:16 [http-nio-8080-exec-1] INFO  o.a.c.c.C.[Tomcat].[localhost].[/] - Initializing Spring DispatcherServlet 'dispatcherServlet'
2025-03-25 15:28:16 [http-nio-8080-exec-1] INFO  o.s.web.servlet.DispatcherServlet - Initializing Servlet 'dispatcherServlet'
2025-03-25 15:28:16 [http-nio-8080-exec-1] INFO  o.s.web.servlet.DispatcherServlet - Completed initialization in 2 ms
2025-03-25 15:28:16 [http-nio-8080-exec-1] DEBUG c.e.d.r.TodoRepository.deleteById - ==>  Preparing: DELETE FROM todos WHERE id = ?
2025-03-25 15:28:16 [http-nio-8080-exec-1] DEBUG c.e.d.r.TodoRepository.deleteById - ==> Parameters: 69(Long)
2025-03-25 15:28:16 [http-nio-8080-exec-1] DEBUG c.e.d.r.TodoRepository.deleteById - <==    Updates: 1
2025-03-25 15:28:16 [http-nio-8080-exec-2] DEBUG c.e.d.r.TodoRepository.findAll - ==>  Preparing: SELECT * FROM todos
2025-03-25 15:28:16 [http-nio-8080-exec-2] DEBUG c.e.d.r.TodoRepository.findAll - ==> Parameters: 
2025-03-25 15:28:17 [http-nio-8080-exec-2] DEBUG c.e.d.r.TodoRepository.findAll - <==      Total: 0
